<?xml version="1.0" encoding="UTF-8"?>
<!-- Generated by org.testng.reporters.JUnitReportReporter -->
<testsuite hostname="LAPTOP-BFS974QH" failures="0" tests="2" name="neoTestClass.ValidateUserName" time="21.527" errors="0" timestamp="2022-12-18T05:34:25 IST" skipped="0">
  <testcase classname="neoTestClass.ValidateUserName" name="validateUserName" time="10.878"/>
  <system-out>
    <![CDATA[Reading value of userName from property file 
taking screenshot]]>
  </system-out>
  <testcase classname="neoTestClass.ValidateUserName" name="validateACBalance" time="10.649"/>
  <system-out>
    <![CDATA[Ac balance isRs.5,00,000.00]]>
  </system-out>
</testsuite> <!-- neoTestClass.ValidateUserName -->
